<?xml version="1.0" encoding="UTF-8"?>
<!-- Generated by org.testng.reporters.JUnitXMLReporter -->
<testsuite hostname="EIS0240" ignored="0" name="Default test" tests="3" failures="0" timestamp="2021-06-16T15:57:07 EET" time="8.938" errors="0">
  <testcase name="create_user" time="7.387" classname="tests.RestAssuredTest"/>
  <testcase name="Retrieve_specific_user" time="0.612" classname="tests.RestAssuredTest"/>
  <testcase name="Retrieve_all_users" time="0.843" classname="tests.RestAssuredTest"/>
</testsuite> <!-- Default test -->
